[INFO] 2015-06-11 11:05:50 | 开始执行:cap cap_demo -init
[INFO] 2015-06-11 11:05:50 | CAP load conf/cap_demo.properties complete.
[INFO] 2015-06-11 11:05:50 | CAP load conf/db_conf.properties complete.
[INFO] 2015-06-11 11:05:50 | 正在清除历史.
[INFO] 2015-06-11 11:05:50 | 正在清除历史完成!
[INFO] 2015-06-11 11:05:50 | 正在初始化DataSource.
[DEBUG] 2015-06-11 11:05:50 | cap.ds.driverClassName:org.postgresql.Driver
[DEBUG] 2015-06-11 11:05:50 | cap.ds.username:postgres
[DEBUG] 2015-06-11 11:05:50 | cap.ds.password:************
[DEBUG] 2015-06-11 11:05:50 | cap.ds.url:jdbc:postgresql://192.168.189.138:5432/CAPDB
[DEBUG] 2015-06-11 11:05:50 | cap.ds.initialSize:5
[DEBUG] 2015-06-11 11:05:50 | cap.ds.maxtotal:20
[DEBUG] 2015-06-11 11:05:50 | cap.ds.maxIdle:10
[DEBUG] 2015-06-11 11:05:50 | cap.ds.maxWaitMillis:10000
[DEBUG] 2015-06-11 11:05:50 | cap.ds.minIdle:1
[INFO] 2015-06-11 11:05:50 | 初始化DataSource完成.
[INFO] 2015-06-11 11:05:50 | 正在删除schema[lee5hx]及schema下所有的对象
[INFO] 2015-06-11 11:05:50 | 删除schema[lee5hx]完成!
[INFO] 2015-06-11 11:05:50 | 正在创建schema[lee5hx]
[INFO] 2015-06-11 11:05:50 | 创建schema[lee5hx]完成!
[DEBUG] 2015-06-11 11:05:50 | CategoryList CreateTable:CREATE TABLE lee5hx.CategoryList(Condition_UUID varchar(32),Comb_Order varchar(5),A1 varchar(2),A2 varchar(2),A3 varchar(2),A4x varchar(3),A5x varchar(3));
[INFO] 2015-06-11 11:05:50 | 正在创建CategoryListTable.
[INFO] 2015-06-11 11:05:50 | 创建CategoryListTable完成!
[DEBUG] 2015-06-11 11:05:50 | CategoryList CreateIndex:CREATE INDEX categoryList_CombOrder_index ON lee5hx.CategoryList(Comb_Order);
[INFO] 2015-06-11 11:05:50 | 正在创建CategoryListTable-Index.
[INFO] 2015-06-11 11:05:50 | 创建CategoryListTable-Index完成.
[INFO] 2015-06-11 11:05:50 | 正在生成InsertCategorySQL.
[INFO] 2015-06-11 11:05:53 | 生成InsertCategorySQL完成.
[INFO] 2015-06-11 11:05:53 | 正在将../tmp/lee5hx.CategoryList.cvs,以Copy_Insert方式批量插入.
[INFO] 2015-06-11 11:05:53 | ../tmp/lee5hx.CategoryList.cvs,以Copy_Insert批量插入完成!
[INFO] 2015-06-11 11:05:53 | Cap Init CategoryList 运行成功!
[INFO] 2015-06-11 11:11:25 | 开始执行:cap cap_demo -init
[INFO] 2015-06-11 11:11:25 | CAP load conf/cap_demo.properties complete.
[INFO] 2015-06-11 11:11:25 | CAP load conf/db_conf.properties complete.
[INFO] 2015-06-11 11:11:25 | 正在清除历史.
[INFO] 2015-06-11 11:11:25 | 正在清除历史完成!
[INFO] 2015-06-11 11:11:25 | 正在初始化DataSource.
[DEBUG] 2015-06-11 11:11:25 | cap.ds.driverClassName:org.postgresql.Driver
[DEBUG] 2015-06-11 11:11:25 | cap.ds.username:postgres
[DEBUG] 2015-06-11 11:11:25 | cap.ds.password:************
[DEBUG] 2015-06-11 11:11:25 | cap.ds.url:jdbc:postgresql://192.168.189.138:5432/CAPDB
[DEBUG] 2015-06-11 11:11:25 | cap.ds.initialSize:5
[DEBUG] 2015-06-11 11:11:25 | cap.ds.maxtotal:20
[DEBUG] 2015-06-11 11:11:25 | cap.ds.maxIdle:10
[DEBUG] 2015-06-11 11:11:25 | cap.ds.maxWaitMillis:10000
[DEBUG] 2015-06-11 11:11:25 | cap.ds.minIdle:1
[INFO] 2015-06-11 11:11:25 | 初始化DataSource完成.
[INFO] 2015-06-11 11:11:25 | 正在删除schema[lee5hx]及schema下所有的对象
[INFO] 2015-06-11 11:11:25 | 删除schema[lee5hx]完成!
[INFO] 2015-06-11 11:11:25 | 正在创建schema[lee5hx]
[INFO] 2015-06-11 11:11:25 | 创建schema[lee5hx]完成!
[DEBUG] 2015-06-11 11:11:25 | CategoryList CreateTable:CREATE TABLE lee5hx.CategoryList(Condition_UUID varchar(32),Comb_Order varchar(5),A1 varchar(2),A2 varchar(2),A3 varchar(2),A4x varchar(3),A5x varchar(3));
[INFO] 2015-06-11 11:11:25 | 正在创建CategoryListTable.
[INFO] 2015-06-11 11:11:25 | 创建CategoryListTable完成!
[DEBUG] 2015-06-11 11:11:25 | CategoryList CreateIndex:CREATE INDEX categoryList_CombOrder_index ON lee5hx.CategoryList(Comb_Order);
[INFO] 2015-06-11 11:11:25 | 正在创建CategoryListTable-Index.
[INFO] 2015-06-11 11:11:25 | 创建CategoryListTable-Index完成.
[INFO] 2015-06-11 11:11:25 | 正在生成InsertCategorySQL.
[INFO] 2015-06-11 11:11:28 | 生成InsertCategorySQL完成.
[INFO] 2015-06-11 11:11:28 | 正在将../tmp/lee5hx.CategoryList.cvs,以Copy_Insert方式批量插入.
[INFO] 2015-06-11 11:11:29 | ../tmp/lee5hx.CategoryList.cvs,以Copy_Insert批量插入完成!
[INFO] 2015-06-11 11:11:29 | Cap Init CategoryList 运行成功!
[INFO] 2015-06-11 11:11:31 | 开始执行:cap cap_demo -init
[INFO] 2015-06-11 11:11:31 | CAP load conf/cap_demo.properties complete.
[INFO] 2015-06-11 11:11:31 | CAP load conf/db_conf.properties complete.
[INFO] 2015-06-11 11:11:31 | 正在清除历史.
[INFO] 2015-06-11 11:11:31 | 正在清除历史完成!
[INFO] 2015-06-11 11:11:31 | 正在初始化DataSource.
[DEBUG] 2015-06-11 11:11:31 | cap.ds.driverClassName:org.postgresql.Driver
[DEBUG] 2015-06-11 11:11:31 | cap.ds.username:postgres
[DEBUG] 2015-06-11 11:11:31 | cap.ds.password:************
[DEBUG] 2015-06-11 11:11:31 | cap.ds.url:jdbc:postgresql://192.168.189.138:5432/CAPDB
[DEBUG] 2015-06-11 11:11:31 | cap.ds.initialSize:5
[DEBUG] 2015-06-11 11:11:31 | cap.ds.maxtotal:20
[DEBUG] 2015-06-11 11:11:31 | cap.ds.maxIdle:10
[DEBUG] 2015-06-11 11:11:31 | cap.ds.maxWaitMillis:10000
[DEBUG] 2015-06-11 11:11:31 | cap.ds.minIdle:1
[INFO] 2015-06-11 11:11:31 | 初始化DataSource完成.
[INFO] 2015-06-11 11:11:31 | 正在删除schema[lee5hx]及schema下所有的对象
[INFO] 2015-06-11 11:11:31 | 删除schema[lee5hx]完成!
[INFO] 2015-06-11 11:11:31 | 正在创建schema[lee5hx]
[INFO] 2015-06-11 11:11:31 | 创建schema[lee5hx]完成!
[DEBUG] 2015-06-11 11:11:31 | CategoryList CreateTable:CREATE TABLE lee5hx.CategoryList(Condition_UUID varchar(32),Comb_Order varchar(5),A1 varchar(2),A2 varchar(2),A3 varchar(2),A4x varchar(3),A5x varchar(3));
[INFO] 2015-06-11 11:11:31 | 正在创建CategoryListTable.
[INFO] 2015-06-11 11:11:31 | 创建CategoryListTable完成!
[DEBUG] 2015-06-11 11:11:31 | CategoryList CreateIndex:CREATE INDEX categoryList_CombOrder_index ON lee5hx.CategoryList(Comb_Order);
[INFO] 2015-06-11 11:11:31 | 正在创建CategoryListTable-Index.
[INFO] 2015-06-11 11:11:31 | 创建CategoryListTable-Index完成.
[INFO] 2015-06-11 11:11:31 | 正在生成InsertCategorySQL.
[INFO] 2015-06-11 11:11:35 | 生成InsertCategorySQL完成.
[INFO] 2015-06-11 11:11:35 | 正在将../tmp/lee5hx.CategoryList.cvs,以Copy_Insert方式批量插入.
[INFO] 2015-06-11 11:11:35 | ../tmp/lee5hx.CategoryList.cvs,以Copy_Insert批量插入完成!
[INFO] 2015-06-11 11:11:35 | Cap Init CategoryList 运行成功!
[INFO] 2015-06-11 11:11:39 | 开始执行:cap cap_demo -init
[INFO] 2015-06-11 11:11:39 | CAP load conf/cap_demo.properties complete.
[INFO] 2015-06-11 11:11:39 | CAP load conf/db_conf.properties complete.
[INFO] 2015-06-11 11:11:39 | 正在清除历史.
[INFO] 2015-06-11 11:11:39 | 正在清除历史完成!
[INFO] 2015-06-11 11:11:39 | 正在初始化DataSource.
[DEBUG] 2015-06-11 11:11:39 | cap.ds.driverClassName:org.postgresql.Driver
[DEBUG] 2015-06-11 11:11:39 | cap.ds.username:postgres
[DEBUG] 2015-06-11 11:11:39 | cap.ds.password:************
[DEBUG] 2015-06-11 11:11:39 | cap.ds.url:jdbc:postgresql://192.168.189.138:5432/CAPDB
[DEBUG] 2015-06-11 11:11:39 | cap.ds.initialSize:5
[DEBUG] 2015-06-11 11:11:39 | cap.ds.maxtotal:20
[DEBUG] 2015-06-11 11:11:39 | cap.ds.maxIdle:10
[DEBUG] 2015-06-11 11:11:39 | cap.ds.maxWaitMillis:10000
[DEBUG] 2015-06-11 11:11:39 | cap.ds.minIdle:1
[INFO] 2015-06-11 11:11:39 | 初始化DataSource完成.
[INFO] 2015-06-11 11:11:39 | 正在删除schema[lee5hx]及schema下所有的对象
[INFO] 2015-06-11 11:11:39 | 删除schema[lee5hx]完成!
[INFO] 2015-06-11 11:11:39 | 正在创建schema[lee5hx]
[INFO] 2015-06-11 11:11:39 | 创建schema[lee5hx]完成!
[DEBUG] 2015-06-11 11:11:39 | CategoryList CreateTable:CREATE TABLE lee5hx.CategoryList(Condition_UUID varchar(32),Comb_Order varchar(5),A1 varchar(2),A2 varchar(2),A3 varchar(2),A4x varchar(3),A5x varchar(3));
[INFO] 2015-06-11 11:11:39 | 正在创建CategoryListTable.
[INFO] 2015-06-11 11:11:39 | 创建CategoryListTable完成!
[DEBUG] 2015-06-11 11:11:39 | CategoryList CreateIndex:CREATE INDEX categoryList_CombOrder_index ON lee5hx.CategoryList(Comb_Order);
[INFO] 2015-06-11 11:11:39 | 正在创建CategoryListTable-Index.
[INFO] 2015-06-11 11:11:39 | 创建CategoryListTable-Index完成.
[INFO] 2015-06-11 11:11:39 | 正在生成InsertCategorySQL.
[INFO] 2015-06-11 11:11:42 | 生成InsertCategorySQL完成.
[INFO] 2015-06-11 11:11:42 | 正在将../tmp/lee5hx.CategoryList.cvs,以Copy_Insert方式批量插入.
[INFO] 2015-06-11 11:11:43 | ../tmp/lee5hx.CategoryList.cvs,以Copy_Insert批量插入完成!
[INFO] 2015-06-11 11:11:43 | Cap Init CategoryList 运行成功!
[INFO] 2015-06-11 11:11:54 | 开始执行:cap cap_demo -init
[INFO] 2015-06-11 11:11:54 | CAP load conf/cap_demo.properties complete.
[INFO] 2015-06-11 11:11:54 | CAP load conf/db_conf.properties complete.
[INFO] 2015-06-11 11:11:54 | 正在清除历史.
[INFO] 2015-06-11 11:11:54 | 正在清除历史完成!
[INFO] 2015-06-11 11:11:54 | 正在初始化DataSource.
[DEBUG] 2015-06-11 11:11:54 | cap.ds.driverClassName:org.postgresql.Driver
[DEBUG] 2015-06-11 11:11:54 | cap.ds.username:postgres
[DEBUG] 2015-06-11 11:11:54 | cap.ds.password:************
[DEBUG] 2015-06-11 11:11:54 | cap.ds.url:jdbc:postgresql://192.168.189.138:5432/CAPDB
[DEBUG] 2015-06-11 11:11:54 | cap.ds.initialSize:5
[DEBUG] 2015-06-11 11:11:54 | cap.ds.maxtotal:20
[DEBUG] 2015-06-11 11:11:54 | cap.ds.maxIdle:10
[DEBUG] 2015-06-11 11:11:54 | cap.ds.maxWaitMillis:10000
[DEBUG] 2015-06-11 11:11:54 | cap.ds.minIdle:1
[INFO] 2015-06-11 11:11:54 | 初始化DataSource完成.
[INFO] 2015-06-11 11:11:54 | 正在删除schema[lee5hx]及schema下所有的对象
[INFO] 2015-06-11 11:11:54 | 删除schema[lee5hx]完成!
[INFO] 2015-06-11 11:11:54 | 正在创建schema[lee5hx]
[INFO] 2015-06-11 11:11:54 | 创建schema[lee5hx]完成!
[DEBUG] 2015-06-11 11:11:54 | CategoryList CreateTable:CREATE TABLE lee5hx.CategoryList(Condition_UUID varchar(32),Comb_Order varchar(5),A1 varchar(2),A2 varchar(2),A3 varchar(2),A4x varchar(3),A5x varchar(3));
[INFO] 2015-06-11 11:11:54 | 正在创建CategoryListTable.
[INFO] 2015-06-11 11:11:54 | 创建CategoryListTable完成!
[DEBUG] 2015-06-11 11:11:54 | CategoryList CreateIndex:CREATE INDEX categoryList_CombOrder_index ON lee5hx.CategoryList(Comb_Order);
[INFO] 2015-06-11 11:11:54 | 正在创建CategoryListTable-Index.
[INFO] 2015-06-11 11:11:54 | 创建CategoryListTable-Index完成.
[INFO] 2015-06-11 11:11:54 | 正在生成InsertCategorySQL.
[INFO] 2015-06-11 11:11:57 | 生成InsertCategorySQL完成.
[INFO] 2015-06-11 11:11:57 | 正在将../tmp/lee5hx.CategoryList.cvs,以Copy_Insert方式批量插入.
[INFO] 2015-06-11 11:11:58 | ../tmp/lee5hx.CategoryList.cvs,以Copy_Insert批量插入完成!
[INFO] 2015-06-11 11:11:58 | Cap Init CategoryList 运行成功!
[INFO] 2015-06-11 11:12:42 | 开始执行:cap cap_demo -init
[INFO] 2015-06-11 11:12:42 | CAP load conf/cap_demo.properties complete.
[INFO] 2015-06-11 11:12:42 | CAP load conf/db_conf.properties complete.
[INFO] 2015-06-11 11:12:42 | 正在清除历史.
[INFO] 2015-06-11 11:12:42 | 正在清除历史完成!
[INFO] 2015-06-11 11:12:42 | 正在初始化DataSource.
[DEBUG] 2015-06-11 11:12:42 | cap.ds.driverClassName:org.postgresql.Driver
[DEBUG] 2015-06-11 11:12:42 | cap.ds.username:postgres
[DEBUG] 2015-06-11 11:12:42 | cap.ds.password:************
[DEBUG] 2015-06-11 11:12:42 | cap.ds.url:jdbc:postgresql://192.168.189.138:5432/CAPDB
[DEBUG] 2015-06-11 11:12:42 | cap.ds.initialSize:5
[DEBUG] 2015-06-11 11:12:42 | cap.ds.maxtotal:20
[DEBUG] 2015-06-11 11:12:42 | cap.ds.maxIdle:10
[DEBUG] 2015-06-11 11:12:42 | cap.ds.maxWaitMillis:10000
[DEBUG] 2015-06-11 11:12:42 | cap.ds.minIdle:1
[INFO] 2015-06-11 11:12:42 | 初始化DataSource完成.
[INFO] 2015-06-11 11:12:42 | 正在删除schema[lee5hx]及schema下所有的对象
[INFO] 2015-06-11 11:12:42 | 删除schema[lee5hx]完成!
[INFO] 2015-06-11 11:12:42 | 正在创建schema[lee5hx]
[INFO] 2015-06-11 11:12:42 | 创建schema[lee5hx]完成!
[DEBUG] 2015-06-11 11:12:42 | CategoryList CreateTable:CREATE TABLE lee5hx.CategoryList(Condition_UUID varchar(32),Comb_Order varchar(5),A1 varchar(2),A2 varchar(2),A3 varchar(2),A4x varchar(3),A5x varchar(3));
[INFO] 2015-06-11 11:12:42 | 正在创建CategoryListTable.
[INFO] 2015-06-11 11:12:42 | 创建CategoryListTable完成!
[DEBUG] 2015-06-11 11:12:42 | CategoryList CreateIndex:CREATE INDEX categoryList_CombOrder_index ON lee5hx.CategoryList(Comb_Order);
[INFO] 2015-06-11 11:12:42 | 正在创建CategoryListTable-Index.
[INFO] 2015-06-11 11:12:42 | 创建CategoryListTable-Index完成.
[INFO] 2015-06-11 11:12:42 | 正在生成InsertCategorySQL.
[INFO] 2015-06-11 11:12:46 | 生成InsertCategorySQL完成.
[INFO] 2015-06-11 11:12:46 | 正在将../tmp/lee5hx.CategoryList.cvs,以Copy_Insert方式批量插入.
[INFO] 2015-06-11 11:12:46 | ../tmp/lee5hx.CategoryList.cvs,以Copy_Insert批量插入完成!
[INFO] 2015-06-11 11:12:46 | Cap Init CategoryList 运行成功!
[INFO] 2015-06-11 11:12:48 | 开始执行:cap cap_demo -init
[INFO] 2015-06-11 11:12:48 | CAP load conf/cap_demo.properties complete.
[INFO] 2015-06-11 11:12:48 | CAP load conf/db_conf.properties complete.
[INFO] 2015-06-11 11:12:48 | 正在清除历史.
[INFO] 2015-06-11 11:12:48 | 正在清除历史完成!
[INFO] 2015-06-11 11:12:48 | 正在初始化DataSource.
[DEBUG] 2015-06-11 11:12:48 | cap.ds.driverClassName:org.postgresql.Driver
[DEBUG] 2015-06-11 11:12:48 | cap.ds.username:postgres
[DEBUG] 2015-06-11 11:12:48 | cap.ds.password:************
[DEBUG] 2015-06-11 11:12:48 | cap.ds.url:jdbc:postgresql://192.168.189.138:5432/CAPDB
[DEBUG] 2015-06-11 11:12:48 | cap.ds.initialSize:5
[DEBUG] 2015-06-11 11:12:48 | cap.ds.maxtotal:20
[DEBUG] 2015-06-11 11:12:48 | cap.ds.maxIdle:10
[DEBUG] 2015-06-11 11:12:48 | cap.ds.maxWaitMillis:10000
[DEBUG] 2015-06-11 11:12:48 | cap.ds.minIdle:1
[INFO] 2015-06-11 11:12:48 | 初始化DataSource完成.
[INFO] 2015-06-11 11:12:48 | 正在删除schema[lee5hx]及schema下所有的对象
[INFO] 2015-06-11 11:12:48 | 删除schema[lee5hx]完成!
[INFO] 2015-06-11 11:12:48 | 正在创建schema[lee5hx]
[INFO] 2015-06-11 11:12:48 | 创建schema[lee5hx]完成!
[DEBUG] 2015-06-11 11:12:48 | CategoryList CreateTable:CREATE TABLE lee5hx.CategoryList(Condition_UUID varchar(32),Comb_Order varchar(5),A1 varchar(2),A2 varchar(2),A3 varchar(2),A4x varchar(3),A5x varchar(3));
[INFO] 2015-06-11 11:12:48 | 正在创建CategoryListTable.
[INFO] 2015-06-11 11:12:48 | 创建CategoryListTable完成!
[DEBUG] 2015-06-11 11:12:48 | CategoryList CreateIndex:CREATE INDEX categoryList_CombOrder_index ON lee5hx.CategoryList(Comb_Order);
[INFO] 2015-06-11 11:12:48 | 正在创建CategoryListTable-Index.
[INFO] 2015-06-11 11:12:48 | 创建CategoryListTable-Index完成.
[INFO] 2015-06-11 11:12:48 | 正在生成InsertCategorySQL.
[INFO] 2015-06-11 11:12:51 | 生成InsertCategorySQL完成.
[INFO] 2015-06-11 11:12:51 | 正在将../tmp/lee5hx.CategoryList.cvs,以Copy_Insert方式批量插入.
[INFO] 2015-06-11 11:12:52 | ../tmp/lee5hx.CategoryList.cvs,以Copy_Insert批量插入完成!
[INFO] 2015-06-11 11:12:52 | Cap Init CategoryList 运行成功!
[INFO] 2015-06-11 11:12:53 | 开始执行:cap cap_demo -init
[INFO] 2015-06-11 11:12:53 | CAP load conf/cap_demo.properties complete.
[INFO] 2015-06-11 11:12:53 | CAP load conf/db_conf.properties complete.
[INFO] 2015-06-11 11:12:53 | 正在清除历史.
[INFO] 2015-06-11 11:12:53 | 正在清除历史完成!
[INFO] 2015-06-11 11:12:53 | 正在初始化DataSource.
[DEBUG] 2015-06-11 11:12:53 | cap.ds.driverClassName:org.postgresql.Driver
[DEBUG] 2015-06-11 11:12:53 | cap.ds.username:postgres
[DEBUG] 2015-06-11 11:12:53 | cap.ds.password:************
[DEBUG] 2015-06-11 11:12:53 | cap.ds.url:jdbc:postgresql://192.168.189.138:5432/CAPDB
[DEBUG] 2015-06-11 11:12:53 | cap.ds.initialSize:5
[DEBUG] 2015-06-11 11:12:53 | cap.ds.maxtotal:20
[DEBUG] 2015-06-11 11:12:53 | cap.ds.maxIdle:10
[DEBUG] 2015-06-11 11:12:53 | cap.ds.maxWaitMillis:10000
[DEBUG] 2015-06-11 11:12:53 | cap.ds.minIdle:1
[INFO] 2015-06-11 11:12:53 | 初始化DataSource完成.
[INFO] 2015-06-11 11:12:53 | 正在删除schema[lee5hx]及schema下所有的对象
[INFO] 2015-06-11 11:12:54 | 删除schema[lee5hx]完成!
[INFO] 2015-06-11 11:12:54 | 正在创建schema[lee5hx]
[INFO] 2015-06-11 11:12:54 | 创建schema[lee5hx]完成!
[DEBUG] 2015-06-11 11:12:54 | CategoryList CreateTable:CREATE TABLE lee5hx.CategoryList(Condition_UUID varchar(32),Comb_Order varchar(5),A1 varchar(2),A2 varchar(2),A3 varchar(2),A4x varchar(3),A5x varchar(3));
[INFO] 2015-06-11 11:12:54 | 正在创建CategoryListTable.
[INFO] 2015-06-11 11:12:54 | 创建CategoryListTable完成!
[DEBUG] 2015-06-11 11:12:54 | CategoryList CreateIndex:CREATE INDEX categoryList_CombOrder_index ON lee5hx.CategoryList(Comb_Order);
[INFO] 2015-06-11 11:12:54 | 正在创建CategoryListTable-Index.
[INFO] 2015-06-11 11:12:54 | 创建CategoryListTable-Index完成.
[INFO] 2015-06-11 11:12:54 | 正在生成InsertCategorySQL.
[INFO] 2015-06-11 11:12:57 | 生成InsertCategorySQL完成.
[INFO] 2015-06-11 11:12:57 | 正在将../tmp/lee5hx.CategoryList.cvs,以Copy_Insert方式批量插入.
[INFO] 2015-06-11 11:12:57 | ../tmp/lee5hx.CategoryList.cvs,以Copy_Insert批量插入完成!
[INFO] 2015-06-11 11:12:57 | Cap Init CategoryList 运行成功!
[INFO] 2015-06-11 11:12:58 | 开始执行:cap cap_demo -init
[INFO] 2015-06-11 11:12:58 | CAP load conf/cap_demo.properties complete.
[INFO] 2015-06-11 11:12:58 | CAP load conf/db_conf.properties complete.
[INFO] 2015-06-11 11:12:58 | 正在清除历史.
[INFO] 2015-06-11 11:12:58 | 正在清除历史完成!
[INFO] 2015-06-11 11:12:58 | 正在初始化DataSource.
[DEBUG] 2015-06-11 11:12:58 | cap.ds.driverClassName:org.postgresql.Driver
[DEBUG] 2015-06-11 11:12:58 | cap.ds.username:postgres
[DEBUG] 2015-06-11 11:12:58 | cap.ds.password:************
[DEBUG] 2015-06-11 11:12:58 | cap.ds.url:jdbc:postgresql://192.168.189.138:5432/CAPDB
[DEBUG] 2015-06-11 11:12:58 | cap.ds.initialSize:5
[DEBUG] 2015-06-11 11:12:58 | cap.ds.maxtotal:20
[DEBUG] 2015-06-11 11:12:58 | cap.ds.maxIdle:10
[DEBUG] 2015-06-11 11:12:58 | cap.ds.maxWaitMillis:10000
[DEBUG] 2015-06-11 11:12:58 | cap.ds.minIdle:1
[INFO] 2015-06-11 11:12:58 | 初始化DataSource完成.
[INFO] 2015-06-11 11:12:58 | 正在删除schema[lee5hx]及schema下所有的对象
[INFO] 2015-06-11 11:12:59 | 删除schema[lee5hx]完成!
[INFO] 2015-06-11 11:12:59 | 正在创建schema[lee5hx]
[INFO] 2015-06-11 11:12:59 | 创建schema[lee5hx]完成!
[DEBUG] 2015-06-11 11:12:59 | CategoryList CreateTable:CREATE TABLE lee5hx.CategoryList(Condition_UUID varchar(32),Comb_Order varchar(5),A1 varchar(2),A2 varchar(2),A3 varchar(2),A4x varchar(3),A5x varchar(3));
[INFO] 2015-06-11 11:12:59 | 正在创建CategoryListTable.
[INFO] 2015-06-11 11:12:59 | 创建CategoryListTable完成!
[DEBUG] 2015-06-11 11:12:59 | CategoryList CreateIndex:CREATE INDEX categoryList_CombOrder_index ON lee5hx.CategoryList(Comb_Order);
[INFO] 2015-06-11 11:12:59 | 正在创建CategoryListTable-Index.
[INFO] 2015-06-11 11:12:59 | 创建CategoryListTable-Index完成.
[INFO] 2015-06-11 11:12:59 | 正在生成InsertCategorySQL.
[INFO] 2015-06-11 11:13:02 | 生成InsertCategorySQL完成.
[INFO] 2015-06-11 11:13:02 | 正在将../tmp/lee5hx.CategoryList.cvs,以Copy_Insert方式批量插入.
[INFO] 2015-06-11 11:13:02 | ../tmp/lee5hx.CategoryList.cvs,以Copy_Insert批量插入完成!
[INFO] 2015-06-11 11:13:02 | Cap Init CategoryList 运行成功!
[INFO] 2015-06-11 11:13:04 | 开始执行:cap cap_demo -init
[INFO] 2015-06-11 11:13:04 | CAP load conf/cap_demo.properties complete.
[INFO] 2015-06-11 11:13:04 | CAP load conf/db_conf.properties complete.
[INFO] 2015-06-11 11:13:04 | 正在清除历史.
[INFO] 2015-06-11 11:13:04 | 正在清除历史完成!
[INFO] 2015-06-11 11:13:04 | 正在初始化DataSource.
[DEBUG] 2015-06-11 11:13:04 | cap.ds.driverClassName:org.postgresql.Driver
[DEBUG] 2015-06-11 11:13:04 | cap.ds.username:postgres
[DEBUG] 2015-06-11 11:13:04 | cap.ds.password:************
[DEBUG] 2015-06-11 11:13:04 | cap.ds.url:jdbc:postgresql://192.168.189.138:5432/CAPDB
[DEBUG] 2015-06-11 11:13:04 | cap.ds.initialSize:5
[DEBUG] 2015-06-11 11:13:04 | cap.ds.maxtotal:20
[DEBUG] 2015-06-11 11:13:04 | cap.ds.maxIdle:10
[DEBUG] 2015-06-11 11:13:04 | cap.ds.maxWaitMillis:10000
[DEBUG] 2015-06-11 11:13:04 | cap.ds.minIdle:1
[INFO] 2015-06-11 11:13:04 | 初始化DataSource完成.
[INFO] 2015-06-11 11:13:04 | 正在删除schema[lee5hx]及schema下所有的对象
[INFO] 2015-06-11 11:13:04 | 删除schema[lee5hx]完成!
[INFO] 2015-06-11 11:13:04 | 正在创建schema[lee5hx]
[INFO] 2015-06-11 11:13:04 | 创建schema[lee5hx]完成!
[DEBUG] 2015-06-11 11:13:04 | CategoryList CreateTable:CREATE TABLE lee5hx.CategoryList(Condition_UUID varchar(32),Comb_Order varchar(5),A1 varchar(2),A2 varchar(2),A3 varchar(2),A4x varchar(3),A5x varchar(3));
[INFO] 2015-06-11 11:13:04 | 正在创建CategoryListTable.
[INFO] 2015-06-11 11:13:04 | 创建CategoryListTable完成!
[DEBUG] 2015-06-11 11:13:04 | CategoryList CreateIndex:CREATE INDEX categoryList_CombOrder_index ON lee5hx.CategoryList(Comb_Order);
[INFO] 2015-06-11 11:13:04 | 正在创建CategoryListTable-Index.
[INFO] 2015-06-11 11:13:04 | 创建CategoryListTable-Index完成.
[INFO] 2015-06-11 11:13:04 | 正在生成InsertCategorySQL.
[INFO] 2015-06-11 11:13:08 | 生成InsertCategorySQL完成.
[INFO] 2015-06-11 11:13:08 | 正在将../tmp/lee5hx.CategoryList.cvs,以Copy_Insert方式批量插入.
[INFO] 2015-06-11 11:13:08 | ../tmp/lee5hx.CategoryList.cvs,以Copy_Insert批量插入完成!
[INFO] 2015-06-11 11:13:08 | Cap Init CategoryList 运行成功!
[INFO] 2015-06-11 11:13:10 | 开始执行:cap cap_demo -init
[INFO] 2015-06-11 11:13:10 | CAP load conf/cap_demo.properties complete.
[INFO] 2015-06-11 11:13:10 | CAP load conf/db_conf.properties complete.
[INFO] 2015-06-11 11:13:10 | 正在清除历史.
[INFO] 2015-06-11 11:13:10 | 正在清除历史完成!
[INFO] 2015-06-11 11:13:10 | 正在初始化DataSource.
[DEBUG] 2015-06-11 11:13:10 | cap.ds.driverClassName:org.postgresql.Driver
[DEBUG] 2015-06-11 11:13:10 | cap.ds.username:postgres
[DEBUG] 2015-06-11 11:13:10 | cap.ds.password:************
[DEBUG] 2015-06-11 11:13:10 | cap.ds.url:jdbc:postgresql://192.168.189.138:5432/CAPDB
[DEBUG] 2015-06-11 11:13:10 | cap.ds.initialSize:5
[DEBUG] 2015-06-11 11:13:10 | cap.ds.maxtotal:20
[DEBUG] 2015-06-11 11:13:10 | cap.ds.maxIdle:10
[DEBUG] 2015-06-11 11:13:10 | cap.ds.maxWaitMillis:10000
[DEBUG] 2015-06-11 11:13:10 | cap.ds.minIdle:1
[INFO] 2015-06-11 11:13:10 | 初始化DataSource完成.
[INFO] 2015-06-11 11:13:10 | 正在删除schema[lee5hx]及schema下所有的对象
[INFO] 2015-06-11 11:13:10 | 删除schema[lee5hx]完成!
[INFO] 2015-06-11 11:13:10 | 正在创建schema[lee5hx]
[INFO] 2015-06-11 11:13:10 | 创建schema[lee5hx]完成!
[DEBUG] 2015-06-11 11:13:10 | CategoryList CreateTable:CREATE TABLE lee5hx.CategoryList(Condition_UUID varchar(32),Comb_Order varchar(5),A1 varchar(2),A2 varchar(2),A3 varchar(2),A4x varchar(3),A5x varchar(3));
[INFO] 2015-06-11 11:13:10 | 正在创建CategoryListTable.
[INFO] 2015-06-11 11:13:10 | 创建CategoryListTable完成!
[DEBUG] 2015-06-11 11:13:10 | CategoryList CreateIndex:CREATE INDEX categoryList_CombOrder_index ON lee5hx.CategoryList(Comb_Order);
[INFO] 2015-06-11 11:13:10 | 正在创建CategoryListTable-Index.
[INFO] 2015-06-11 11:13:10 | 创建CategoryListTable-Index完成.
[INFO] 2015-06-11 11:13:10 | 正在生成InsertCategorySQL.
[INFO] 2015-06-11 11:13:13 | 生成InsertCategorySQL完成.
[INFO] 2015-06-11 11:13:13 | 正在将../tmp/lee5hx.CategoryList.cvs,以Copy_Insert方式批量插入.
[INFO] 2015-06-11 11:13:14 | ../tmp/lee5hx.CategoryList.cvs,以Copy_Insert批量插入完成!
[INFO] 2015-06-11 11:13:14 | Cap Init CategoryList 运行成功!
[INFO] 2015-06-11 11:13:15 | 开始执行:cap cap_demo -init
[INFO] 2015-06-11 11:13:15 | CAP load conf/cap_demo.properties complete.
[INFO] 2015-06-11 11:13:15 | CAP load conf/db_conf.properties complete.
[INFO] 2015-06-11 11:13:15 | 正在清除历史.
[INFO] 2015-06-11 11:13:15 | 正在清除历史完成!
[INFO] 2015-06-11 11:13:15 | 正在初始化DataSource.
[DEBUG] 2015-06-11 11:13:15 | cap.ds.driverClassName:org.postgresql.Driver
[DEBUG] 2015-06-11 11:13:15 | cap.ds.username:postgres
[DEBUG] 2015-06-11 11:13:15 | cap.ds.password:************
[DEBUG] 2015-06-11 11:13:15 | cap.ds.url:jdbc:postgresql://192.168.189.138:5432/CAPDB
[DEBUG] 2015-06-11 11:13:15 | cap.ds.initialSize:5
[DEBUG] 2015-06-11 11:13:15 | cap.ds.maxtotal:20
[DEBUG] 2015-06-11 11:13:15 | cap.ds.maxIdle:10
[DEBUG] 2015-06-11 11:13:15 | cap.ds.maxWaitMillis:10000
[DEBUG] 2015-06-11 11:13:15 | cap.ds.minIdle:1
[INFO] 2015-06-11 11:13:15 | 初始化DataSource完成.
[INFO] 2015-06-11 11:13:15 | 正在删除schema[lee5hx]及schema下所有的对象
[INFO] 2015-06-11 11:13:15 | 删除schema[lee5hx]完成!
[INFO] 2015-06-11 11:13:15 | 正在创建schema[lee5hx]
[INFO] 2015-06-11 11:13:15 | 创建schema[lee5hx]完成!
[DEBUG] 2015-06-11 11:13:15 | CategoryList CreateTable:CREATE TABLE lee5hx.CategoryList(Condition_UUID varchar(32),Comb_Order varchar(5),A1 varchar(2),A2 varchar(2),A3 varchar(2),A4x varchar(3),A5x varchar(3));
[INFO] 2015-06-11 11:13:15 | 正在创建CategoryListTable.
[INFO] 2015-06-11 11:13:15 | 创建CategoryListTable完成!
[DEBUG] 2015-06-11 11:13:15 | CategoryList CreateIndex:CREATE INDEX categoryList_CombOrder_index ON lee5hx.CategoryList(Comb_Order);
[INFO] 2015-06-11 11:13:15 | 正在创建CategoryListTable-Index.
[INFO] 2015-06-11 11:13:15 | 创建CategoryListTable-Index完成.
[INFO] 2015-06-11 11:13:15 | 正在生成InsertCategorySQL.
[INFO] 2015-06-11 11:13:18 | 生成InsertCategorySQL完成.
[INFO] 2015-06-11 11:13:18 | 正在将../tmp/lee5hx.CategoryList.cvs,以Copy_Insert方式批量插入.
[INFO] 2015-06-11 11:13:18 | ../tmp/lee5hx.CategoryList.cvs,以Copy_Insert批量插入完成!
[INFO] 2015-06-11 11:13:18 | Cap Init CategoryList 运行成功!
[INFO] 2015-06-11 11:13:19 | 开始执行:cap cap_demo -init
[INFO] 2015-06-11 11:13:19 | CAP load conf/cap_demo.properties complete.
[INFO] 2015-06-11 11:13:19 | CAP load conf/db_conf.properties complete.
[INFO] 2015-06-11 11:13:19 | 正在清除历史.
[INFO] 2015-06-11 11:13:19 | 正在清除历史完成!
[INFO] 2015-06-11 11:13:19 | 正在初始化DataSource.
[DEBUG] 2015-06-11 11:13:19 | cap.ds.driverClassName:org.postgresql.Driver
[DEBUG] 2015-06-11 11:13:19 | cap.ds.username:postgres
[DEBUG] 2015-06-11 11:13:19 | cap.ds.password:************
[DEBUG] 2015-06-11 11:13:19 | cap.ds.url:jdbc:postgresql://192.168.189.138:5432/CAPDB
[DEBUG] 2015-06-11 11:13:19 | cap.ds.initialSize:5
[DEBUG] 2015-06-11 11:13:19 | cap.ds.maxtotal:20
[DEBUG] 2015-06-11 11:13:19 | cap.ds.maxIdle:10
[DEBUG] 2015-06-11 11:13:19 | cap.ds.maxWaitMillis:10000
[DEBUG] 2015-06-11 11:13:19 | cap.ds.minIdle:1
[INFO] 2015-06-11 11:13:19 | 初始化DataSource完成.
[INFO] 2015-06-11 11:13:19 | 正在删除schema[lee5hx]及schema下所有的对象
[INFO] 2015-06-11 11:13:20 | 删除schema[lee5hx]完成!
[INFO] 2015-06-11 11:13:20 | 正在创建schema[lee5hx]
[INFO] 2015-06-11 11:13:20 | 创建schema[lee5hx]完成!
[DEBUG] 2015-06-11 11:13:20 | CategoryList CreateTable:CREATE TABLE lee5hx.CategoryList(Condition_UUID varchar(32),Comb_Order varchar(5),A1 varchar(2),A2 varchar(2),A3 varchar(2),A4x varchar(3),A5x varchar(3));
[INFO] 2015-06-11 11:13:20 | 正在创建CategoryListTable.
[INFO] 2015-06-11 11:13:20 | 创建CategoryListTable完成!
[DEBUG] 2015-06-11 11:13:20 | CategoryList CreateIndex:CREATE INDEX categoryList_CombOrder_index ON lee5hx.CategoryList(Comb_Order);
[INFO] 2015-06-11 11:13:20 | 正在创建CategoryListTable-Index.
[INFO] 2015-06-11 11:13:20 | 创建CategoryListTable-Index完成.
[INFO] 2015-06-11 11:13:20 | 正在生成InsertCategorySQL.
[INFO] 2015-06-11 11:13:23 | 生成InsertCategorySQL完成.
[INFO] 2015-06-11 11:13:23 | 正在将../tmp/lee5hx.CategoryList.cvs,以Copy_Insert方式批量插入.
[INFO] 2015-06-11 11:13:23 | ../tmp/lee5hx.CategoryList.cvs,以Copy_Insert批量插入完成!
[INFO] 2015-06-11 11:13:23 | Cap Init CategoryList 运行成功!
[INFO] 2015-06-11 11:13:24 | 开始执行:cap cap_demo -init
[INFO] 2015-06-11 11:13:24 | CAP load conf/cap_demo.properties complete.
[INFO] 2015-06-11 11:13:24 | CAP load conf/db_conf.properties complete.
[INFO] 2015-06-11 11:13:24 | 正在清除历史.
[INFO] 2015-06-11 11:13:24 | 正在清除历史完成!
[INFO] 2015-06-11 11:13:24 | 正在初始化DataSource.
[DEBUG] 2015-06-11 11:13:24 | cap.ds.driverClassName:org.postgresql.Driver
[DEBUG] 2015-06-11 11:13:24 | cap.ds.username:postgres
[DEBUG] 2015-06-11 11:13:24 | cap.ds.password:************
[DEBUG] 2015-06-11 11:13:24 | cap.ds.url:jdbc:postgresql://192.168.189.138:5432/CAPDB
[DEBUG] 2015-06-11 11:13:24 | cap.ds.initialSize:5
[DEBUG] 2015-06-11 11:13:24 | cap.ds.maxtotal:20
[DEBUG] 2015-06-11 11:13:24 | cap.ds.maxIdle:10
[DEBUG] 2015-06-11 11:13:24 | cap.ds.maxWaitMillis:10000
[DEBUG] 2015-06-11 11:13:24 | cap.ds.minIdle:1
[INFO] 2015-06-11 11:13:24 | 初始化DataSource完成.
[INFO] 2015-06-11 11:13:24 | 正在删除schema[lee5hx]及schema下所有的对象
[INFO] 2015-06-11 11:13:25 | 删除schema[lee5hx]完成!
[INFO] 2015-06-11 11:13:25 | 正在创建schema[lee5hx]
[INFO] 2015-06-11 11:13:25 | 创建schema[lee5hx]完成!
[DEBUG] 2015-06-11 11:13:25 | CategoryList CreateTable:CREATE TABLE lee5hx.CategoryList(Condition_UUID varchar(32),Comb_Order varchar(5),A1 varchar(2),A2 varchar(2),A3 varchar(2),A4x varchar(3),A5x varchar(3));
[INFO] 2015-06-11 11:13:25 | 正在创建CategoryListTable.
[INFO] 2015-06-11 11:13:25 | 创建CategoryListTable完成!
[DEBUG] 2015-06-11 11:13:25 | CategoryList CreateIndex:CREATE INDEX categoryList_CombOrder_index ON lee5hx.CategoryList(Comb_Order);
[INFO] 2015-06-11 11:13:25 | 正在创建CategoryListTable-Index.
[INFO] 2015-06-11 11:13:25 | 创建CategoryListTable-Index完成.
[INFO] 2015-06-11 11:13:25 | 正在生成InsertCategorySQL.
[INFO] 2015-06-11 11:13:28 | 生成InsertCategorySQL完成.
[INFO] 2015-06-11 11:13:28 | 正在将../tmp/lee5hx.CategoryList.cvs,以Copy_Insert方式批量插入.
[INFO] 2015-06-11 11:13:28 | ../tmp/lee5hx.CategoryList.cvs,以Copy_Insert批量插入完成!
[INFO] 2015-06-11 11:13:28 | Cap Init CategoryList 运行成功!
[INFO] 2015-06-11 11:13:30 | 开始执行:cap cap_demo -init
[INFO] 2015-06-11 11:13:30 | CAP load conf/cap_demo.properties complete.
[INFO] 2015-06-11 11:13:30 | CAP load conf/db_conf.properties complete.
[INFO] 2015-06-11 11:13:30 | 正在清除历史.
[INFO] 2015-06-11 11:13:30 | 正在清除历史完成!
[INFO] 2015-06-11 11:13:30 | 正在初始化DataSource.
[DEBUG] 2015-06-11 11:13:30 | cap.ds.driverClassName:org.postgresql.Driver
[DEBUG] 2015-06-11 11:13:30 | cap.ds.username:postgres
[DEBUG] 2015-06-11 11:13:30 | cap.ds.password:************
[DEBUG] 2015-06-11 11:13:30 | cap.ds.url:jdbc:postgresql://192.168.189.138:5432/CAPDB
[DEBUG] 2015-06-11 11:13:30 | cap.ds.initialSize:5
[DEBUG] 2015-06-11 11:13:30 | cap.ds.maxtotal:20
[DEBUG] 2015-06-11 11:13:30 | cap.ds.maxIdle:10
[DEBUG] 2015-06-11 11:13:30 | cap.ds.maxWaitMillis:10000
[DEBUG] 2015-06-11 11:13:30 | cap.ds.minIdle:1
[INFO] 2015-06-11 11:13:30 | 初始化DataSource完成.
[INFO] 2015-06-11 11:13:30 | 正在删除schema[lee5hx]及schema下所有的对象
[INFO] 2015-06-11 11:13:30 | 删除schema[lee5hx]完成!
[INFO] 2015-06-11 11:13:30 | 正在创建schema[lee5hx]
[INFO] 2015-06-11 11:13:30 | 创建schema[lee5hx]完成!
[DEBUG] 2015-06-11 11:13:30 | CategoryList CreateTable:CREATE TABLE lee5hx.CategoryList(Condition_UUID varchar(32),Comb_Order varchar(5),A1 varchar(2),A2 varchar(2),A3 varchar(2),A4x varchar(3),A5x varchar(3));
[INFO] 2015-06-11 11:13:30 | 正在创建CategoryListTable.
[INFO] 2015-06-11 11:13:30 | 创建CategoryListTable完成!
[DEBUG] 2015-06-11 11:13:30 | CategoryList CreateIndex:CREATE INDEX categoryList_CombOrder_index ON lee5hx.CategoryList(Comb_Order);
[INFO] 2015-06-11 11:13:30 | 正在创建CategoryListTable-Index.
[INFO] 2015-06-11 11:13:30 | 创建CategoryListTable-Index完成.
[INFO] 2015-06-11 11:13:30 | 正在生成InsertCategorySQL.
[INFO] 2015-06-11 11:13:34 | 生成InsertCategorySQL完成.
[INFO] 2015-06-11 11:13:34 | 正在将../tmp/lee5hx.CategoryList.cvs,以Copy_Insert方式批量插入.
[INFO] 2015-06-11 11:13:34 | ../tmp/lee5hx.CategoryList.cvs,以Copy_Insert批量插入完成!
[INFO] 2015-06-11 11:13:34 | Cap Init CategoryList 运行成功!
[INFO] 2015-06-11 11:14:40 | 开始执行:cap cap_demo -init
[INFO] 2015-06-11 11:14:40 | CAP load conf/cap_demo.properties complete.
[INFO] 2015-06-11 11:14:40 | CAP load conf/db_conf.properties complete.
[INFO] 2015-06-11 11:14:40 | 正在清除历史.
[INFO] 2015-06-11 11:14:40 | 正在清除历史完成!
[INFO] 2015-06-11 11:14:40 | 正在初始化DataSource.
[DEBUG] 2015-06-11 11:14:40 | cap.ds.driverClassName:org.postgresql.Driver
[DEBUG] 2015-06-11 11:14:40 | cap.ds.username:postgres
[DEBUG] 2015-06-11 11:14:40 | cap.ds.password:************
[DEBUG] 2015-06-11 11:14:40 | cap.ds.url:jdbc:postgresql://192.168.189.138:5432/CAPDB
[DEBUG] 2015-06-11 11:14:40 | cap.ds.initialSize:5
[DEBUG] 2015-06-11 11:14:40 | cap.ds.maxtotal:20
[DEBUG] 2015-06-11 11:14:40 | cap.ds.maxIdle:10
[DEBUG] 2015-06-11 11:14:40 | cap.ds.maxWaitMillis:10000
[DEBUG] 2015-06-11 11:14:40 | cap.ds.minIdle:1
[INFO] 2015-06-11 11:14:40 | 初始化DataSource完成.
[INFO] 2015-06-11 11:14:40 | 正在删除schema[lee5hx]及schema下所有的对象
[INFO] 2015-06-11 11:14:41 | 删除schema[lee5hx]完成!
[INFO] 2015-06-11 11:14:41 | 正在创建schema[lee5hx]
[INFO] 2015-06-11 11:14:41 | 创建schema[lee5hx]完成!
[DEBUG] 2015-06-11 11:14:41 | CategoryList CreateTable:CREATE TABLE lee5hx.CategoryList(Condition_UUID varchar(32),Comb_Order varchar(5),A1 varchar(2),A2 varchar(2),A3 varchar(2),A4x varchar(3),A5x varchar(3));
[INFO] 2015-06-11 11:14:41 | 正在创建CategoryListTable.
[INFO] 2015-06-11 11:14:41 | 创建CategoryListTable完成!
[DEBUG] 2015-06-11 11:14:41 | CategoryList CreateIndex:CREATE INDEX categoryList_CombOrder_index ON lee5hx.CategoryList(Comb_Order);
[INFO] 2015-06-11 11:14:41 | 正在创建CategoryListTable-Index.
[INFO] 2015-06-11 11:14:41 | 创建CategoryListTable-Index完成.
[INFO] 2015-06-11 11:14:41 | 正在生成InsertCategorySQL.
[INFO] 2015-06-11 11:14:44 | 生成InsertCategorySQL完成.
[INFO] 2015-06-11 11:14:44 | 正在将../tmp/lee5hx.CategoryList.cvs,以Copy_Insert方式批量插入.
[INFO] 2015-06-11 11:14:44 | ../tmp/lee5hx.CategoryList.cvs,以Copy_Insert批量插入完成!
[INFO] 2015-06-11 11:14:44 | Cap Init CategoryList 运行成功!
[INFO] 2015-06-11 11:14:45 | 开始执行:cap cap_demo -init
[INFO] 2015-06-11 11:14:45 | CAP load conf/cap_demo.properties complete.
[INFO] 2015-06-11 11:14:45 | CAP load conf/db_conf.properties complete.
[INFO] 2015-06-11 11:14:45 | 正在清除历史.
[INFO] 2015-06-11 11:14:45 | 正在清除历史完成!
[INFO] 2015-06-11 11:14:45 | 正在初始化DataSource.
[DEBUG] 2015-06-11 11:14:45 | cap.ds.driverClassName:org.postgresql.Driver
[DEBUG] 2015-06-11 11:14:45 | cap.ds.username:postgres
[DEBUG] 2015-06-11 11:14:45 | cap.ds.password:************
[DEBUG] 2015-06-11 11:14:45 | cap.ds.url:jdbc:postgresql://192.168.189.138:5432/CAPDB
[DEBUG] 2015-06-11 11:14:45 | cap.ds.initialSize:5
[DEBUG] 2015-06-11 11:14:45 | cap.ds.maxtotal:20
[DEBUG] 2015-06-11 11:14:45 | cap.ds.maxIdle:10
[DEBUG] 2015-06-11 11:14:45 | cap.ds.maxWaitMillis:10000
[DEBUG] 2015-06-11 11:14:45 | cap.ds.minIdle:1
[INFO] 2015-06-11 11:14:45 | 初始化DataSource完成.
[INFO] 2015-06-11 11:14:45 | 正在删除schema[lee5hx]及schema下所有的对象
[INFO] 2015-06-11 11:14:46 | 删除schema[lee5hx]完成!
[INFO] 2015-06-11 11:14:46 | 正在创建schema[lee5hx]
[INFO] 2015-06-11 11:14:46 | 创建schema[lee5hx]完成!
[DEBUG] 2015-06-11 11:14:46 | CategoryList CreateTable:CREATE TABLE lee5hx.CategoryList(Condition_UUID varchar(32),Comb_Order varchar(5),A1 varchar(2),A2 varchar(2),A3 varchar(2),A4x varchar(3),A5x varchar(3));
[INFO] 2015-06-11 11:14:46 | 正在创建CategoryListTable.
[INFO] 2015-06-11 11:14:46 | 创建CategoryListTable完成!
[DEBUG] 2015-06-11 11:14:46 | CategoryList CreateIndex:CREATE INDEX categoryList_CombOrder_index ON lee5hx.CategoryList(Comb_Order);
[INFO] 2015-06-11 11:14:46 | 正在创建CategoryListTable-Index.
[INFO] 2015-06-11 11:14:46 | 创建CategoryListTable-Index完成.
[INFO] 2015-06-11 11:14:46 | 正在生成InsertCategorySQL.
[INFO] 2015-06-11 11:14:49 | 生成InsertCategorySQL完成.
[INFO] 2015-06-11 11:14:49 | 正在将../tmp/lee5hx.CategoryList.cvs,以Copy_Insert方式批量插入.
[INFO] 2015-06-11 11:14:49 | ../tmp/lee5hx.CategoryList.cvs,以Copy_Insert批量插入完成!
[INFO] 2015-06-11 11:14:49 | Cap Init CategoryList 运行成功!
[INFO] 2015-06-11 11:14:52 | 开始执行:cap cap_demo -init
[INFO] 2015-06-11 11:14:52 | CAP load conf/cap_demo.properties complete.
[INFO] 2015-06-11 11:14:52 | CAP load conf/db_conf.properties complete.
[INFO] 2015-06-11 11:14:52 | 正在清除历史.
[INFO] 2015-06-11 11:14:52 | 正在清除历史完成!
[INFO] 2015-06-11 11:14:52 | 正在初始化DataSource.
[DEBUG] 2015-06-11 11:14:52 | cap.ds.driverClassName:org.postgresql.Driver
[DEBUG] 2015-06-11 11:14:52 | cap.ds.username:postgres
[DEBUG] 2015-06-11 11:14:52 | cap.ds.password:************
[DEBUG] 2015-06-11 11:14:52 | cap.ds.url:jdbc:postgresql://192.168.189.138:5432/CAPDB
[DEBUG] 2015-06-11 11:14:52 | cap.ds.initialSize:5
[DEBUG] 2015-06-11 11:14:52 | cap.ds.maxtotal:20
[DEBUG] 2015-06-11 11:14:52 | cap.ds.maxIdle:10
[DEBUG] 2015-06-11 11:14:52 | cap.ds.maxWaitMillis:10000
[DEBUG] 2015-06-11 11:14:52 | cap.ds.minIdle:1
[INFO] 2015-06-11 11:14:52 | 初始化DataSource完成.
[INFO] 2015-06-11 11:14:52 | 正在删除schema[lee5hx]及schema下所有的对象
[INFO] 2015-06-11 11:14:52 | 删除schema[lee5hx]完成!
[INFO] 2015-06-11 11:14:52 | 正在创建schema[lee5hx]
[INFO] 2015-06-11 11:14:52 | 创建schema[lee5hx]完成!
[DEBUG] 2015-06-11 11:14:52 | CategoryList CreateTable:CREATE TABLE lee5hx.CategoryList(Condition_UUID varchar(32),Comb_Order varchar(5),A1 varchar(2),A2 varchar(2),A3 varchar(2),A4x varchar(3),A5x varchar(3));
[INFO] 2015-06-11 11:14:52 | 正在创建CategoryListTable.
[INFO] 2015-06-11 11:14:52 | 创建CategoryListTable完成!
[DEBUG] 2015-06-11 11:14:52 | CategoryList CreateIndex:CREATE INDEX categoryList_CombOrder_index ON lee5hx.CategoryList(Comb_Order);
[INFO] 2015-06-11 11:14:52 | 正在创建CategoryListTable-Index.
[INFO] 2015-06-11 11:14:52 | 创建CategoryListTable-Index完成.
[INFO] 2015-06-11 11:14:52 | 正在生成InsertCategorySQL.
[INFO] 2015-06-11 11:14:55 | 生成InsertCategorySQL完成.
[INFO] 2015-06-11 11:14:55 | 正在将../tmp/lee5hx.CategoryList.cvs,以Copy_Insert方式批量插入.
[INFO] 2015-06-11 11:14:56 | ../tmp/lee5hx.CategoryList.cvs,以Copy_Insert批量插入完成!
[INFO] 2015-06-11 11:14:56 | Cap Init CategoryList 运行成功!
[INFO] 2015-06-11 11:27:00 | 开始执行:cap cap_demo -init
[INFO] 2015-06-11 11:27:00 | CAP load conf/cap_demo.properties complete.
[INFO] 2015-06-11 11:27:00 | CAP load conf/db_conf.properties complete.
[INFO] 2015-06-11 11:27:00 | 正在清除历史.
[INFO] 2015-06-11 11:27:00 | 正在清除历史完成!
[INFO] 2015-06-11 11:27:00 | 正在初始化DataSource.
[DEBUG] 2015-06-11 11:27:00 | cap.ds.driverClassName:org.postgresql.Driver
[DEBUG] 2015-06-11 11:27:00 | cap.ds.username:postgres
[DEBUG] 2015-06-11 11:27:00 | cap.ds.password:************
[DEBUG] 2015-06-11 11:27:00 | cap.ds.url:jdbc:postgresql://192.168.189.138:5432/CAPDB
[DEBUG] 2015-06-11 11:27:00 | cap.ds.initialSize:5
[DEBUG] 2015-06-11 11:27:00 | cap.ds.maxtotal:20
[DEBUG] 2015-06-11 11:27:00 | cap.ds.maxIdle:10
[DEBUG] 2015-06-11 11:27:00 | cap.ds.maxWaitMillis:10000
[DEBUG] 2015-06-11 11:27:00 | cap.ds.minIdle:1
[INFO] 2015-06-11 11:27:00 | 初始化DataSource完成.
[INFO] 2015-06-11 11:27:00 | 正在删除schema[lee5hx]及schema下所有的对象
[INFO] 2015-06-11 11:27:04 | 删除schema[lee5hx]完成!
[INFO] 2015-06-11 11:27:04 | 正在创建schema[lee5hx]
[INFO] 2015-06-11 11:27:04 | 创建schema[lee5hx]完成!
[DEBUG] 2015-06-11 11:27:04 | CategoryList CreateTable:CREATE TABLE lee5hx.CategoryList(Condition_UUID varchar(32),Comb_Order varchar(5),A1 varchar(2),A2 varchar(2),A3 varchar(2),A4x varchar(3),A5x varchar(3));
[INFO] 2015-06-11 11:27:04 | 正在创建CategoryListTable.
[INFO] 2015-06-11 11:27:04 | 创建CategoryListTable完成!
[DEBUG] 2015-06-11 11:27:04 | CategoryList CreateIndex:CREATE INDEX categoryList_CombOrder_index ON lee5hx.CategoryList(Comb_Order);
[INFO] 2015-06-11 11:27:04 | 正在创建CategoryListTable-Index.
[INFO] 2015-06-11 11:27:04 | 创建CategoryListTable-Index完成.
[INFO] 2015-06-11 11:27:04 | 正在生成InsertCategorySQL.
[INFO] 2015-06-11 11:27:07 | 生成InsertCategorySQL完成.
[INFO] 2015-06-11 11:27:07 | 正在将../tmp/lee5hx.CategoryList.cvs,以Copy_Insert方式批量插入.
[INFO] 2015-06-11 11:27:08 | ../tmp/lee5hx.CategoryList.cvs,以Copy_Insert批量插入完成!
[INFO] 2015-06-11 11:27:08 | Cap Init CategoryList 运行成功!
[INFO] 2015-06-11 11:27:13 | 开始执行:cap cap_demo -init
[INFO] 2015-06-11 11:27:13 | CAP load conf/cap_demo.properties complete.
[INFO] 2015-06-11 11:27:13 | CAP load conf/db_conf.properties complete.
[INFO] 2015-06-11 11:27:13 | 正在清除历史.
[INFO] 2015-06-11 11:27:13 | 正在清除历史完成!
[INFO] 2015-06-11 11:27:13 | 正在初始化DataSource.
[DEBUG] 2015-06-11 11:27:13 | cap.ds.driverClassName:org.postgresql.Driver
[DEBUG] 2015-06-11 11:27:13 | cap.ds.username:postgres
[DEBUG] 2015-06-11 11:27:13 | cap.ds.password:************
[DEBUG] 2015-06-11 11:27:13 | cap.ds.url:jdbc:postgresql://192.168.189.138:5432/CAPDB
[DEBUG] 2015-06-11 11:27:13 | cap.ds.initialSize:5
[DEBUG] 2015-06-11 11:27:13 | cap.ds.maxtotal:20
[DEBUG] 2015-06-11 11:27:13 | cap.ds.maxIdle:10
[DEBUG] 2015-06-11 11:27:13 | cap.ds.maxWaitMillis:10000
[DEBUG] 2015-06-11 11:27:13 | cap.ds.minIdle:1
[INFO] 2015-06-11 11:27:13 | 初始化DataSource完成.
[INFO] 2015-06-11 11:27:13 | 正在删除schema[lee5hx]及schema下所有的对象
[INFO] 2015-06-11 11:27:13 | 删除schema[lee5hx]完成!
[INFO] 2015-06-11 11:27:13 | 正在创建schema[lee5hx]
[INFO] 2015-06-11 11:27:13 | 创建schema[lee5hx]完成!
[DEBUG] 2015-06-11 11:27:13 | CategoryList CreateTable:CREATE TABLE lee5hx.CategoryList(Condition_UUID varchar(32),Comb_Order varchar(5),A1 varchar(2),A2 varchar(2),A3 varchar(2),A4x varchar(3),A5x varchar(3));
[INFO] 2015-06-11 11:27:13 | 正在创建CategoryListTable.
[INFO] 2015-06-11 11:27:13 | 创建CategoryListTable完成!
[DEBUG] 2015-06-11 11:27:13 | CategoryList CreateIndex:CREATE INDEX categoryList_CombOrder_index ON lee5hx.CategoryList(Comb_Order);
[INFO] 2015-06-11 11:27:13 | 正在创建CategoryListTable-Index.
[INFO] 2015-06-11 11:27:13 | 创建CategoryListTable-Index完成.
[INFO] 2015-06-11 11:27:13 | 正在生成InsertCategorySQL.
[INFO] 2015-06-11 11:27:17 | 生成InsertCategorySQL完成.
[INFO] 2015-06-11 11:27:17 | 正在将../tmp/lee5hx.CategoryList.cvs,以Copy_Insert方式批量插入.
[INFO] 2015-06-11 11:27:17 | ../tmp/lee5hx.CategoryList.cvs,以Copy_Insert批量插入完成!
[INFO] 2015-06-11 11:27:17 | Cap Init CategoryList 运行成功!
[INFO] 2015-06-11 11:27:18 | 开始执行:cap cap_demo -init
[INFO] 2015-06-11 11:27:18 | CAP load conf/cap_demo.properties complete.
[INFO] 2015-06-11 11:27:18 | CAP load conf/db_conf.properties complete.
[INFO] 2015-06-11 11:27:18 | 正在清除历史.
[INFO] 2015-06-11 11:27:18 | 正在清除历史完成!
[INFO] 2015-06-11 11:27:18 | 正在初始化DataSource.
[DEBUG] 2015-06-11 11:27:18 | cap.ds.driverClassName:org.postgresql.Driver
[DEBUG] 2015-06-11 11:27:18 | cap.ds.username:postgres
[DEBUG] 2015-06-11 11:27:18 | cap.ds.password:************
[DEBUG] 2015-06-11 11:27:18 | cap.ds.url:jdbc:postgresql://192.168.189.138:5432/CAPDB
[DEBUG] 2015-06-11 11:27:18 | cap.ds.initialSize:5
[DEBUG] 2015-06-11 11:27:18 | cap.ds.maxtotal:20
[DEBUG] 2015-06-11 11:27:18 | cap.ds.maxIdle:10
[DEBUG] 2015-06-11 11:27:18 | cap.ds.maxWaitMillis:10000
[DEBUG] 2015-06-11 11:27:18 | cap.ds.minIdle:1
[INFO] 2015-06-11 11:27:18 | 初始化DataSource完成.
[INFO] 2015-06-11 11:27:18 | 正在删除schema[lee5hx]及schema下所有的对象
[INFO] 2015-06-11 11:27:19 | 删除schema[lee5hx]完成!
[INFO] 2015-06-11 11:27:19 | 正在创建schema[lee5hx]
[INFO] 2015-06-11 11:27:19 | 创建schema[lee5hx]完成!
[DEBUG] 2015-06-11 11:27:19 | CategoryList CreateTable:CREATE TABLE lee5hx.CategoryList(Condition_UUID varchar(32),Comb_Order varchar(5),A1 varchar(2),A2 varchar(2),A3 varchar(2),A4x varchar(3),A5x varchar(3));
[INFO] 2015-06-11 11:27:19 | 正在创建CategoryListTable.
[INFO] 2015-06-11 11:27:19 | 创建CategoryListTable完成!
[DEBUG] 2015-06-11 11:27:19 | CategoryList CreateIndex:CREATE INDEX categoryList_CombOrder_index ON lee5hx.CategoryList(Comb_Order);
[INFO] 2015-06-11 11:27:19 | 正在创建CategoryListTable-Index.
[INFO] 2015-06-11 11:27:19 | 创建CategoryListTable-Index完成.
[INFO] 2015-06-11 11:27:19 | 正在生成InsertCategorySQL.
[INFO] 2015-06-11 11:27:22 | 生成InsertCategorySQL完成.
[INFO] 2015-06-11 11:27:22 | 正在将../tmp/lee5hx.CategoryList.cvs,以Copy_Insert方式批量插入.
[INFO] 2015-06-11 11:27:22 | ../tmp/lee5hx.CategoryList.cvs,以Copy_Insert批量插入完成!
[INFO] 2015-06-11 11:27:22 | Cap Init CategoryList 运行成功!
[INFO] 2015-06-11 11:27:23 | 开始执行:cap cap_demo -init
[INFO] 2015-06-11 11:27:23 | CAP load conf/cap_demo.properties complete.
[INFO] 2015-06-11 11:27:23 | CAP load conf/db_conf.properties complete.
[INFO] 2015-06-11 11:27:23 | 正在清除历史.
[INFO] 2015-06-11 11:27:23 | 正在清除历史完成!
[INFO] 2015-06-11 11:27:23 | 正在初始化DataSource.
[DEBUG] 2015-06-11 11:27:23 | cap.ds.driverClassName:org.postgresql.Driver
[DEBUG] 2015-06-11 11:27:23 | cap.ds.username:postgres
[DEBUG] 2015-06-11 11:27:23 | cap.ds.password:************
[DEBUG] 2015-06-11 11:27:23 | cap.ds.url:jdbc:postgresql://192.168.189.138:5432/CAPDB
[DEBUG] 2015-06-11 11:27:23 | cap.ds.initialSize:5
[DEBUG] 2015-06-11 11:27:23 | cap.ds.maxtotal:20
[DEBUG] 2015-06-11 11:27:23 | cap.ds.maxIdle:10
[DEBUG] 2015-06-11 11:27:23 | cap.ds.maxWaitMillis:10000
[DEBUG] 2015-06-11 11:27:23 | cap.ds.minIdle:1
[INFO] 2015-06-11 11:27:23 | 初始化DataSource完成.
[INFO] 2015-06-11 11:27:23 | 正在删除schema[lee5hx]及schema下所有的对象
[INFO] 2015-06-11 11:27:24 | 删除schema[lee5hx]完成!
[INFO] 2015-06-11 11:27:24 | 正在创建schema[lee5hx]
[INFO] 2015-06-11 11:27:24 | 创建schema[lee5hx]完成!
[DEBUG] 2015-06-11 11:27:24 | CategoryList CreateTable:CREATE TABLE lee5hx.CategoryList(Condition_UUID varchar(32),Comb_Order varchar(5),A1 varchar(2),A2 varchar(2),A3 varchar(2),A4x varchar(3),A5x varchar(3));
[INFO] 2015-06-11 11:27:24 | 正在创建CategoryListTable.
[INFO] 2015-06-11 11:27:24 | 创建CategoryListTable完成!
[DEBUG] 2015-06-11 11:27:24 | CategoryList CreateIndex:CREATE INDEX categoryList_CombOrder_index ON lee5hx.CategoryList(Comb_Order);
[INFO] 2015-06-11 11:27:24 | 正在创建CategoryListTable-Index.
[INFO] 2015-06-11 11:27:24 | 创建CategoryListTable-Index完成.
[INFO] 2015-06-11 11:27:24 | 正在生成InsertCategorySQL.
[INFO] 2015-06-11 11:27:27 | 生成InsertCategorySQL完成.
[INFO] 2015-06-11 11:27:27 | 正在将../tmp/lee5hx.CategoryList.cvs,以Copy_Insert方式批量插入.
[INFO] 2015-06-11 11:27:27 | ../tmp/lee5hx.CategoryList.cvs,以Copy_Insert批量插入完成!
[INFO] 2015-06-11 11:27:27 | Cap Init CategoryList 运行成功!
[INFO] 2015-06-11 11:27:28 | 开始执行:cap cap_demo -init
[INFO] 2015-06-11 11:27:28 | CAP load conf/cap_demo.properties complete.
[INFO] 2015-06-11 11:27:28 | CAP load conf/db_conf.properties complete.
[INFO] 2015-06-11 11:27:28 | 正在清除历史.
[INFO] 2015-06-11 11:27:28 | 正在清除历史完成!
[INFO] 2015-06-11 11:27:28 | 正在初始化DataSource.
[DEBUG] 2015-06-11 11:27:28 | cap.ds.driverClassName:org.postgresql.Driver
[DEBUG] 2015-06-11 11:27:28 | cap.ds.username:postgres
[DEBUG] 2015-06-11 11:27:28 | cap.ds.password:************
[DEBUG] 2015-06-11 11:27:28 | cap.ds.url:jdbc:postgresql://192.168.189.138:5432/CAPDB
[DEBUG] 2015-06-11 11:27:28 | cap.ds.initialSize:5
[DEBUG] 2015-06-11 11:27:28 | cap.ds.maxtotal:20
[DEBUG] 2015-06-11 11:27:28 | cap.ds.maxIdle:10
[DEBUG] 2015-06-11 11:27:28 | cap.ds.maxWaitMillis:10000
[DEBUG] 2015-06-11 11:27:28 | cap.ds.minIdle:1
[INFO] 2015-06-11 11:27:28 | 初始化DataSource完成.
[INFO] 2015-06-11 11:27:28 | 正在删除schema[lee5hx]及schema下所有的对象
[INFO] 2015-06-11 11:27:29 | 删除schema[lee5hx]完成!
[INFO] 2015-06-11 11:27:29 | 正在创建schema[lee5hx]
[INFO] 2015-06-11 11:27:29 | 创建schema[lee5hx]完成!
[DEBUG] 2015-06-11 11:27:29 | CategoryList CreateTable:CREATE TABLE lee5hx.CategoryList(Condition_UUID varchar(32),Comb_Order varchar(5),A1 varchar(2),A2 varchar(2),A3 varchar(2),A4x varchar(3),A5x varchar(3));
[INFO] 2015-06-11 11:27:29 | 正在创建CategoryListTable.
[INFO] 2015-06-11 11:27:29 | 创建CategoryListTable完成!
[DEBUG] 2015-06-11 11:27:29 | CategoryList CreateIndex:CREATE INDEX categoryList_CombOrder_index ON lee5hx.CategoryList(Comb_Order);
[INFO] 2015-06-11 11:27:29 | 正在创建CategoryListTable-Index.
[INFO] 2015-06-11 11:27:29 | 创建CategoryListTable-Index完成.
[INFO] 2015-06-11 11:27:29 | 正在生成InsertCategorySQL.
[INFO] 2015-06-11 11:27:32 | 生成InsertCategorySQL完成.
[INFO] 2015-06-11 11:27:32 | 正在将../tmp/lee5hx.CategoryList.cvs,以Copy_Insert方式批量插入.
[INFO] 2015-06-11 11:27:32 | ../tmp/lee5hx.CategoryList.cvs,以Copy_Insert批量插入完成!
[INFO] 2015-06-11 11:27:32 | Cap Init CategoryList 运行成功!
[INFO] 2015-06-11 11:27:42 | 开始执行:cap cap_demo -init
[INFO] 2015-06-11 11:27:42 | CAP load conf/cap_demo.properties complete.
[INFO] 2015-06-11 11:27:42 | CAP load conf/db_conf.properties complete.
[INFO] 2015-06-11 11:27:42 | 正在清除历史.
[INFO] 2015-06-11 11:27:42 | 正在清除历史完成!
[INFO] 2015-06-11 11:27:42 | 正在初始化DataSource.
[DEBUG] 2015-06-11 11:27:42 | cap.ds.driverClassName:org.postgresql.Driver
[DEBUG] 2015-06-11 11:27:42 | cap.ds.username:postgres
[DEBUG] 2015-06-11 11:27:42 | cap.ds.password:************
[DEBUG] 2015-06-11 11:27:42 | cap.ds.url:jdbc:postgresql://192.168.189.138:5432/CAPDB
[DEBUG] 2015-06-11 11:27:42 | cap.ds.initialSize:5
[DEBUG] 2015-06-11 11:27:42 | cap.ds.maxtotal:20
[DEBUG] 2015-06-11 11:27:42 | cap.ds.maxIdle:10
[DEBUG] 2015-06-11 11:27:42 | cap.ds.maxWaitMillis:10000
[DEBUG] 2015-06-11 11:27:42 | cap.ds.minIdle:1
[INFO] 2015-06-11 11:27:42 | 初始化DataSource完成.
[INFO] 2015-06-11 11:27:42 | 正在删除schema[lee5hx]及schema下所有的对象
[INFO] 2015-06-11 11:27:42 | 删除schema[lee5hx]完成!
[INFO] 2015-06-11 11:27:42 | 正在创建schema[lee5hx]
[INFO] 2015-06-11 11:27:42 | 创建schema[lee5hx]完成!
[DEBUG] 2015-06-11 11:27:42 | CategoryList CreateTable:CREATE TABLE lee5hx.CategoryList(Condition_UUID varchar(32),Comb_Order varchar(5),A1 varchar(2),A2 varchar(2),A3 varchar(2),A4x varchar(3),A5x varchar(3));
[INFO] 2015-06-11 11:27:42 | 正在创建CategoryListTable.
[INFO] 2015-06-11 11:27:42 | 创建CategoryListTable完成!
[DEBUG] 2015-06-11 11:27:42 | CategoryList CreateIndex:CREATE INDEX categoryList_CombOrder_index ON lee5hx.CategoryList(Comb_Order);
[INFO] 2015-06-11 11:27:42 | 正在创建CategoryListTable-Index.
[INFO] 2015-06-11 11:27:42 | 创建CategoryListTable-Index完成.
[INFO] 2015-06-11 11:27:42 | 正在生成InsertCategorySQL.
[INFO] 2015-06-11 11:27:46 | 生成InsertCategorySQL完成.
[INFO] 2015-06-11 11:27:46 | 正在将../tmp/lee5hx.CategoryList.cvs,以Copy_Insert方式批量插入.
[INFO] 2015-06-11 11:27:46 | ../tmp/lee5hx.CategoryList.cvs,以Copy_Insert批量插入完成!
[INFO] 2015-06-11 11:27:46 | Cap Init CategoryList 运行成功!
[INFO] 2015-06-11 11:27:55 | 开始执行:cap cap_demo -init
[INFO] 2015-06-11 11:27:55 | CAP load conf/cap_demo.properties complete.
[INFO] 2015-06-11 11:27:55 | CAP load conf/db_conf.properties complete.
[INFO] 2015-06-11 11:27:55 | 正在清除历史.
[INFO] 2015-06-11 11:27:55 | 正在清除历史完成!
[INFO] 2015-06-11 11:27:55 | 正在初始化DataSource.
[DEBUG] 2015-06-11 11:27:55 | cap.ds.driverClassName:org.postgresql.Driver
[DEBUG] 2015-06-11 11:27:55 | cap.ds.username:postgres
[DEBUG] 2015-06-11 11:27:55 | cap.ds.password:************
[DEBUG] 2015-06-11 11:27:55 | cap.ds.url:jdbc:postgresql://192.168.189.138:5432/CAPDB
[DEBUG] 2015-06-11 11:27:55 | cap.ds.initialSize:5
[DEBUG] 2015-06-11 11:27:55 | cap.ds.maxtotal:20
[DEBUG] 2015-06-11 11:27:55 | cap.ds.maxIdle:10
[DEBUG] 2015-06-11 11:27:55 | cap.ds.maxWaitMillis:10000
[DEBUG] 2015-06-11 11:27:55 | cap.ds.minIdle:1
[INFO] 2015-06-11 11:27:55 | 初始化DataSource完成.
[INFO] 2015-06-11 11:27:55 | 正在删除schema[lee5hx]及schema下所有的对象
[INFO] 2015-06-11 11:27:55 | 删除schema[lee5hx]完成!
[INFO] 2015-06-11 11:27:55 | 正在创建schema[lee5hx]
[INFO] 2015-06-11 11:27:55 | 创建schema[lee5hx]完成!
[DEBUG] 2015-06-11 11:27:55 | CategoryList CreateTable:CREATE TABLE lee5hx.CategoryList(Condition_UUID varchar(32),Comb_Order varchar(5),A1 varchar(2),A2 varchar(2),A3 varchar(2),A4x varchar(3),A5x varchar(3));
[INFO] 2015-06-11 11:27:55 | 正在创建CategoryListTable.
[INFO] 2015-06-11 11:27:55 | 创建CategoryListTable完成!
[DEBUG] 2015-06-11 11:27:55 | CategoryList CreateIndex:CREATE INDEX categoryList_CombOrder_index ON lee5hx.CategoryList(Comb_Order);
[INFO] 2015-06-11 11:27:55 | 正在创建CategoryListTable-Index.
[INFO] 2015-06-11 11:27:55 | 创建CategoryListTable-Index完成.
[INFO] 2015-06-11 11:27:55 | 正在生成InsertCategorySQL.
[INFO] 2015-06-11 11:27:59 | 生成InsertCategorySQL完成.
[INFO] 2015-06-11 11:27:59 | 正在将../tmp/lee5hx.CategoryList.cvs,以Copy_Insert方式批量插入.
[INFO] 2015-06-11 11:27:59 | ../tmp/lee5hx.CategoryList.cvs,以Copy_Insert批量插入完成!
[INFO] 2015-06-11 11:27:59 | Cap Init CategoryList 运行成功!
